<?xml version="1.0" encoding="UTF-8"?>
<!-- Generated by org.testng.reporters.JUnitXMLReporter -->
<testsuite ignored="2" hostname="DESKTOP-GODQLGU" failures="0" tests="0" time="0.0" errors="0" timestamp="2024-04-06T22:22:49 IST">
  <testcase classname="Test.ErrorValidation" name="error" time="0.0">
    <ignored/>
  </testcase> <!-- error -->
  <testcase classname="Test.ErrorValidation" name="ProductErrorValidation" time="0.0">
    <ignored/>
  </testcase> <!-- ProductErrorValidation -->
</testsuite>
